[[1;34mINFO[m] Scanning for projects...
[[1;34mINFO[m] 
[[1;34mINFO[m] [1m------------------< [0;36mcom.fleet.monitor:fleet-monitor[0;1m >-------------------[m
[[1;34mINFO[m] [1mBuilding fleet-monitor 0.0.1-SNAPSHOT[m
[[1;34mINFO[m] [1m--------------------------------[ jar ]---------------------------------[m
[[1;34mINFO[m] 
[[1;34mINFO[m] [1m>>> [0;32mspring-boot-maven-plugin:3.2.5:run[m [1m(default-cli)[0;1m > [0;1mtest-compile[m @ [36mfleet-monitor[0;1m >>>[m
[[1;34mINFO[m] 
[[1;34mINFO[m] [1m--- [0;32mmaven-resources-plugin:3.3.1:resources[m [1m(default-resources)[m @ [36mfleet-monitor[0;1m ---[m
[[1;34mINFO[m] Copying 1 resource from src/main/resources to target/classes
[[1;34mINFO[m] Copying 0 resource from src/main/resources to target/classes
[[1;34mINFO[m] 
[[1;34mINFO[m] [1m--- [0;32mmaven-compiler-plugin:3.11.0:compile[m [1m(default-compile)[m @ [36mfleet-monitor[0;1m ---[m
[[1;34mINFO[m] Nothing to compile - all classes are up to date
[[1;34mINFO[m] 
[[1;34mINFO[m] [1m--- [0;32mmaven-resources-plugin:3.3.1:testResources[m [1m(default-testResources)[m @ [36mfleet-monitor[0;1m ---[m
[[1;34mINFO[m] skip non existing resourceDirectory /home/miguel/Escritorio/Sistemas Distribuidos/Practica06/Practica06_Distribuidos/backend/src/test/resources
[[1;34mINFO[m] 
[[1;34mINFO[m] [1m--- [0;32mmaven-compiler-plugin:3.11.0:testCompile[m [1m(default-testCompile)[m @ [36mfleet-monitor[0;1m ---[m
[[1;34mINFO[m] No sources to compile
[[1;34mINFO[m] 
[[1;34mINFO[m] [1m<<< [0;32mspring-boot-maven-plugin:3.2.5:run[m [1m(default-cli)[0;1m < [0;1mtest-compile[m @ [36mfleet-monitor[0;1m <<<[m
[[1;34mINFO[m] 
[[1;34mINFO[m] 
[[1;34mINFO[m] [1m--- [0;32mspring-boot-maven-plugin:3.2.5:run[m [1m(default-cli)[m @ [36mfleet-monitor[0;1m ---[m
[[1;34mINFO[m] Attaching agents: []

  .   ____          _            __ _ _
 /\\ / ___'_ __ _ _(_)_ __  __ _ \ \ \ \
( ( )\___ | '_ | '_| | '_ \/ _` | \ \ \ \
 \\/  ___)| |_)| | | | | || (_| |  ) ) ) )
  '  |____| .__|_| |_|_| |_\__, | / / / /
 =========|_|==============|___/=/_/_/_/
 :: Spring Boot ::                (v3.2.5)

2026-05-15T12:11:41.118-05:00  INFO 135378 --- [           main] c.fleet.monitor.FleetMonitorApplication  : Starting FleetMonitorApplication using Java 17.0.18 with PID 135378 (/home/miguel/Escritorio/Sistemas Distribuidos/Practica06/Practica06_Distribuidos/backend/target/classes started by miguel in /home/miguel/Escritorio/Sistemas Distribuidos/Practica06/Practica06_Distribuidos/backend)
2026-05-15T12:11:41.122-05:00  INFO 135378 --- [           main] c.fleet.monitor.FleetMonitorApplication  : No active profile set, falling back to 1 default profile: "default"
2026-05-15T12:11:41.994-05:00  INFO 135378 --- [           main] .s.d.r.c.RepositoryConfigurationDelegate : Bootstrapping Spring Data JPA repositories in DEFAULT mode.
2026-05-15T12:11:42.089-05:00  INFO 135378 --- [           main] .s.d.r.c.RepositoryConfigurationDelegate : Finished Spring Data repository scanning in 82 ms. Found 3 JPA repository interfaces.
2026-05-15T12:11:42.745-05:00  INFO 135378 --- [           main] o.s.b.w.embedded.tomcat.TomcatWebServer  : Tomcat initialized with port 8082 (http)
2026-05-15T12:11:42.759-05:00  INFO 135378 --- [           main] o.apache.catalina.core.StandardService   : Starting service [Tomcat]
2026-05-15T12:11:42.759-05:00  INFO 135378 --- [           main] o.apache.catalina.core.StandardEngine    : Starting Servlet engine: [Apache Tomcat/10.1.20]
2026-05-15T12:11:42.830-05:00  INFO 135378 --- [           main] o.a.c.c.C.[Tomcat].[localhost].[/]       : Initializing Spring embedded WebApplicationContext
2026-05-15T12:11:42.832-05:00  INFO 135378 --- [           main] w.s.c.ServletWebServerApplicationContext : Root WebApplicationContext: initialization completed in 1633 ms
2026-05-15T12:11:42.868-05:00  INFO 135378 --- [           main] com.zaxxer.hikari.HikariDataSource       : HikariPool-1 - Starting...
2026-05-15T12:11:43.043-05:00  INFO 135378 --- [           main] com.zaxxer.hikari.pool.HikariPool        : HikariPool-1 - Added connection conn0: url=jdbc:h2:mem:fleetdb user=SA
2026-05-15T12:11:43.044-05:00  INFO 135378 --- [           main] com.zaxxer.hikari.HikariDataSource       : HikariPool-1 - Start completed.
2026-05-15T12:11:43.056-05:00  INFO 135378 --- [           main] o.s.b.a.h2.H2ConsoleAutoConfiguration    : H2 console available at '/h2-console'. Database available at 'jdbc:h2:mem:fleetdb'
2026-05-15T12:11:43.212-05:00  INFO 135378 --- [           main] o.hibernate.jpa.internal.util.LogHelper  : HHH000204: Processing PersistenceUnitInfo [name: default]
2026-05-15T12:11:43.258-05:00  INFO 135378 --- [           main] org.hibernate.Version                    : HHH000412: Hibernate ORM core version 6.4.4.Final
2026-05-15T12:11:43.290-05:00  INFO 135378 --- [           main] o.h.c.internal.RegionFactoryInitiator    : HHH000026: Second-level cache disabled
2026-05-15T12:11:43.506-05:00  INFO 135378 --- [           main] o.s.o.j.p.SpringPersistenceUnitInfo      : No LoadTimeWeaver setup: ignoring JPA class transformer
2026-05-15T12:11:43.547-05:00  WARN 135378 --- [           main] org.hibernate.orm.deprecation            : HHH90000025: H2Dialect does not need to be specified explicitly using 'hibernate.dialect' (remove the property setting and it will be selected by default)
2026-05-15T12:11:44.879-05:00  INFO 135378 --- [           main] o.h.e.t.j.p.i.JtaPlatformInitiator       : HHH000489: No JTA platform available (set 'hibernate.transaction.jta.platform' to enable JTA platform integration)
2026-05-15T12:11:45.073-05:00  INFO 135378 --- [           main] j.LocalContainerEntityManagerFactoryBean : Initialized JPA EntityManagerFactory for persistence unit 'default'
[MQTT CONFIG] Subscriber conectado a tcp://localhost:1883
[BRIDGE] Listo — reenviará alertas MQTT → RabbitMQ
[SUSCRIPTOR] Suscrito a 'flota/#' — BD lista (H2)
[MQTT CONFIG] Publisher conectado a tcp://localhost:1883
2026-05-15T12:11:46.804-05:00  WARN 135378 --- [           main] JpaBaseConfiguration$JpaWebConfiguration : spring.jpa.open-in-view is enabled by default. Therefore, database queries may be performed during view rendering. Explicitly configure spring.jpa.open-in-view to disable this warning
2026-05-15T12:11:46.837-05:00  INFO 135378 --- [           main] o.s.b.a.w.s.WelcomePageHandlerMapping    : Adding welcome page: class path resource [static/index.html]
2026-05-15T12:11:47.310-05:00  INFO 135378 --- [           main] o.s.b.w.embedded.tomcat.TomcatWebServer  : Tomcat started on port 8082 (http) with context path ''

[SUSCRIPTOR] flota/VH-001/gps                         {"vehiculoId": "VH-001", "latitud": -2.1272564501842726, "longitud": -79.89351789025673, "velocidadKmh": 46.88958457302511}
[SUSCRIPTOR] GPS guardado  — VH-001 lat=-2,1273 lng=-79,8935

[SUSCRIPTOR] flota/VH-001/temp                        {"vehiculoId": "VH-001", "temperaturaC": 0.3537829681729958, "alerta": false}
[SUSCRIPTOR] Sensor desconocido: temp

[SUSCRIPTOR] flota/VH-001/fuel                        {"vehiculoId": "VH-001", "nivelPct": 23.106049684680706, "alerta": false}
[SUSCRIPTOR] Sensor desconocido: fuel

[SUSCRIPTOR] flota/VH-002/gps                         {"vehiculoId": "VH-002", "latitud": -2.203804803317078, "longitud": -79.90460969301515, "velocidadKmh": 30.619243008559557}
[SUSCRIPTOR] GPS guardado  — VH-002 lat=-2,2038 lng=-79,9046

[SUSCRIPTOR] flota/VH-002/temp                        {"vehiculoId": "VH-002", "temperaturaC": 7.915105092814242, "alerta": true}
[SUSCRIPTOR] Sensor desconocido: temp

[SUSCRIPTOR] flota/VH-002/fuel                        {"vehiculoId": "VH-002", "nivelPct": 29.905514166942844, "alerta": false}
[SUSCRIPTOR] Sensor desconocido: fuel

[SUSCRIPTOR] flota/VH-003/gps                         {"vehiculoId": "VH-003", "latitud": -2.1905499097792744, "longitud": -79.91620110287, "velocidadKmh": 51.877634741810795}
[SUSCRIPTOR] GPS guardado  — VH-003 lat=-2,1905 lng=-79,9162

[SUSCRIPTOR] flota/VH-003/temp                        {"vehiculoId": "VH-003", "temperaturaC": -0.6535537217868563, "alerta": false}
[SUSCRIPTOR] Sensor desconocido: temp

[SUSCRIPTOR] flota/VH-003/fuel                        {"vehiculoId": "VH-003", "nivelPct": 24.533321762059643, "alerta": false}
[SUSCRIPTOR] Sensor desconocido: fuel
2026-05-15T12:11:47.443-05:00  INFO 135378 --- [           main] c.fleet.monitor.FleetMonitorApplication  : Started FleetMonitorApplication in 6.913 seconds (process running for 7.289)

======================================================================
  CICLO #1 — 2026-05-15T12:11:47.447363930
======================================================================
[SIMULADOR] GPS    → flota/VH-001/gps                         {"vehiculo_id":"VH-001","latitud":-1.923666,"longitud":-79.895845,"velocidad_kmh":57.0,"timestamp":"2026-05-15T12:11:47.447809366"}

[SUSCRIPTOR] flota/VH-001/gps                         {"vehiculo_id":"VH-001","latitud":-1.923666,"longitud":-79.895845,"velocidad_kmh":57.0,"timestamp":"2026-05-15T12:11:47.447809366"}
[SUSCRIPTOR] GPS guardado  — VH-001 lat=-1,9237 lng=-79,8958
[SIMULADOR] TEMP   → flota/VH-001/temperatura                 {"vehiculo_id":"VH-001","temperatura_c":5.9,"alerta":true,"timestamp":"2026-05-15T12:11:47.609047149"}

[SUSCRIPTOR] flota/VH-001/temperatura                 {"vehiculo_id":"VH-001","temperatura_c":5.9,"alerta":true,"timestamp":"2026-05-15T12:11:47.609047149"}
⚠️  [ALERTA TEMP] VH-001 — temperatura 5,9°C SUPERA 4°C
[BRIDGE] TEMP ALERTA → RabbitMQ [temp.alert] vehículo=VH-001
[ALERT CONSUMER] ALERTA TEMPERATURA — VH-001 | temp=5,9°C FUERA DE RANGO
[ALERT CONSUMER] Notificación enviada → cola.notificaciones para VH-001
[ALERT CONSUMER] Temperatura normal — VH-001 | temp=0,0°C
[SIMULADOR] COMB   → flota/VH-001/combustible                 {"vehiculo_id":"VH-001","nivel_pct":51.4,"alerta_bajo":false,"timestamp":"2026-05-15T12:11:47.669746499"}
----------------------------------------------------------------------

[SUSCRIPTOR] flota/VH-001/combustible                 {"vehiculo_id":"VH-001","nivel_pct":51.4,"alerta_bajo":false,"timestamp":"2026-05-15T12:11:47.669746499"}
[SUSCRIPTOR] COMB normal  — VH-001 51,4%
[SIMULADOR] GPS    → flota/VH-002/gps                         {"vehiculo_id":"VH-002","latitud":-2.414251,"longitud":-79.765404,"velocidad_kmh":55.6,"timestamp":"2026-05-15T12:11:47.730812002"}

[SUSCRIPTOR] flota/VH-002/gps                         {"vehiculo_id":"VH-002","latitud":-2.414251,"longitud":-79.765404,"velocidad_kmh":55.6,"timestamp":"2026-05-15T12:11:47.730812002"}
[SUSCRIPTOR] GPS guardado  — VH-002 lat=-2,4143 lng=-79,7654
[SIMULADOR] TEMP   → flota/VH-002/temperatura                 {"vehiculo_id":"VH-002","temperatura_c":1.7,"alerta":false,"timestamp":"2026-05-15T12:11:47.789687523"}

[SUSCRIPTOR] flota/VH-002/temperatura                 {"vehiculo_id":"VH-002","temperatura_c":1.7,"alerta":false,"timestamp":"2026-05-15T12:11:47.789687523"}
[SUSCRIPTOR] TEMP normal  — VH-002 1,7°C
[SIMULADOR] COMB   → flota/VH-002/combustible                 {"vehiculo_id":"VH-002","nivel_pct":97.4,"alerta_bajo":false,"timestamp":"2026-05-15T12:11:47.840291984"}
----------------------------------------------------------------------

[SUSCRIPTOR] flota/VH-002/combustible                 {"vehiculo_id":"VH-002","nivel_pct":97.4,"alerta_bajo":false,"timestamp":"2026-05-15T12:11:47.840291984"}
[SUSCRIPTOR] COMB normal  — VH-002 97,4%
[SIMULADOR] GPS    → flota/VH-003/gps                         {"vehiculo_id":"VH-003","latitud":-2.35635,"longitud":-79.687515,"velocidad_kmh":49.7,"timestamp":"2026-05-15T12:11:47.900109131"}

[SUSCRIPTOR] flota/VH-003/gps                         {"vehiculo_id":"VH-003","latitud":-2.35635,"longitud":-79.687515,"velocidad_kmh":49.7,"timestamp":"2026-05-15T12:11:47.900109131"}
[SUSCRIPTOR] GPS guardado  — VH-003 lat=-2,3564 lng=-79,6875
[SIMULADOR] TEMP   → flota/VH-003/temperatura                 {"vehiculo_id":"VH-003","temperatura_c":5.6,"alerta":true,"timestamp":"2026-05-15T12:11:47.960548508"}

[SUSCRIPTOR] flota/VH-003/temperatura                 {"vehiculo_id":"VH-003","temperatura_c":5.6,"alerta":true,"timestamp":"2026-05-15T12:11:47.960548508"}
⚠️  [ALERTA TEMP] VH-003 — temperatura 5,6°C SUPERA 4°C
[BRIDGE] TEMP ALERTA → RabbitMQ [temp.alert] vehículo=VH-003
[ALERT CONSUMER] ALERTA TEMPERATURA — VH-003 | temp=5,6°C FUERA DE RANGO
[ALERT CONSUMER] Notificación enviada → cola.notificaciones para VH-003
[ALERT CONSUMER] Temperatura normal — VH-003 | temp=0,0°C
[SIMULADOR] COMB   → flota/VH-003/combustible                 {"vehiculo_id":"VH-003","nivel_pct":71.1,"alerta_bajo":false,"timestamp":"2026-05-15T12:11:48.058627923"}
----------------------------------------------------------------------

[SUSCRIPTOR] flota/VH-003/combustible                 {"vehiculo_id":"VH-003","nivel_pct":71.1,"alerta_bajo":false,"timestamp":"2026-05-15T12:11:48.058627923"}
[SUSCRIPTOR] COMB normal  — VH-003 71,1%
2026-05-15T12:11:50.768-05:00  INFO 135378 --- [nio-8082-exec-1] o.a.c.c.C.[Tomcat].[localhost].[/]       : Initializing Spring DispatcherServlet 'dispatcherServlet'
2026-05-15T12:11:50.768-05:00  INFO 135378 --- [nio-8082-exec-1] o.s.web.servlet.DispatcherServlet        : Initializing Servlet 'dispatcherServlet'
2026-05-15T12:11:50.770-05:00  INFO 135378 --- [nio-8082-exec-1] o.s.web.servlet.DispatcherServlet        : Completed initialization in 2 ms

[SUSCRIPTOR] flota/VH-001/gps                         {"vehiculoId": "VH-001", "latitud": -2.1817278293834663, "longitud": -79.95765423982323, "velocidadKmh": 79.1770469472734}
[SUSCRIPTOR] GPS guardado  — VH-001 lat=-2,1817 lng=-79,9577

[SUSCRIPTOR] flota/VH-001/temp                        {"vehiculoId": "VH-001", "temperaturaC": -0.6072899084325272, "alerta": false}
[SUSCRIPTOR] Sensor desconocido: temp

[SUSCRIPTOR] flota/VH-001/fuel                        {"vehiculoId": "VH-001", "nivelPct": 90.76052580058942, "alerta": false}
[SUSCRIPTOR] Sensor desconocido: fuel

[SUSCRIPTOR] flota/VH-002/gps                         {"vehiculoId": "VH-002", "latitud": -2.1478886431462176, "longitud": -79.9413351874091, "velocidadKmh": 60.212680928108234}
[SUSCRIPTOR] GPS guardado  — VH-002 lat=-2,1479 lng=-79,9413

[SUSCRIPTOR] flota/VH-002/temp                        {"vehiculoId": "VH-002", "temperaturaC": 2.6145283305997413, "alerta": false}
[SUSCRIPTOR] Sensor desconocido: temp

[SUSCRIPTOR] flota/VH-002/fuel                        {"vehiculoId": "VH-002", "nivelPct": 83.7866370873592, "alerta": false}
[SUSCRIPTOR] Sensor desconocido: fuel

[SUSCRIPTOR] flota/VH-003/gps                         {"vehiculoId": "VH-003", "latitud": -2.2046652028358484, "longitud": -79.90795092834807, "velocidadKmh": 106.85105655871604}
[SUSCRIPTOR] GPS guardado  — VH-003 lat=-2,2047 lng=-79,9080

[SUSCRIPTOR] flota/VH-003/temp                        {"vehiculoId": "VH-003", "temperaturaC": 3.609436321174215, "alerta": false}
[SUSCRIPTOR] Sensor desconocido: temp

[SUSCRIPTOR] flota/VH-003/fuel                        {"vehiculoId": "VH-003", "nivelPct": 34.911626558272616, "alerta": false}
[SUSCRIPTOR] Sensor desconocido: fuel

======================================================================
  CICLO #2 — 2026-05-15T12:11:53.118809561
======================================================================
[SIMULADOR] GPS    → flota/VH-001/gps                         {"vehiculo_id":"VH-001","latitud":-2.351979,"longitud":-80.078129,"velocidad_kmh":93.3,"timestamp":"2026-05-15T12:11:53.119122180"}

[SUSCRIPTOR] flota/VH-001/gps                         {"vehiculo_id":"VH-001","latitud":-2.351979,"longitud":-80.078129,"velocidad_kmh":93.3,"timestamp":"2026-05-15T12:11:53.119122180"}
[SUSCRIPTOR] GPS guardado  — VH-001 lat=-2,3520 lng=-80,0781
[SIMULADOR] TEMP   → flota/VH-001/temperatura                 {"vehiculo_id":"VH-001","temperatura_c":5.0,"alerta":true,"timestamp":"2026-05-15T12:11:53.249584364"}

[SUSCRIPTOR] flota/VH-001/temperatura                 {"vehiculo_id":"VH-001","temperatura_c":5.0,"alerta":true,"timestamp":"2026-05-15T12:11:53.249584364"}
⚠️  [ALERTA TEMP] VH-001 — temperatura 5,0°C SUPERA 4°C
[BRIDGE] TEMP ALERTA → RabbitMQ [temp.alert] vehículo=VH-001
[ALERT CONSUMER] ALERTA TEMPERATURA — VH-001 | temp=5,0°C FUERA DE RANGO
[ALERT CONSUMER] Notificación enviada → cola.notificaciones para VH-001
[ALERT CONSUMER] Temperatura normal — VH-001 | temp=0,0°C
[SIMULADOR] COMB   → flota/VH-001/combustible                 {"vehiculo_id":"VH-001","nivel_pct":48.3,"alerta_bajo":false,"timestamp":"2026-05-15T12:11:53.348065833"}
----------------------------------------------------------------------

[SUSCRIPTOR] flota/VH-001/combustible                 {"vehiculo_id":"VH-001","nivel_pct":48.3,"alerta_bajo":false,"timestamp":"2026-05-15T12:11:53.348065833"}
[SUSCRIPTOR] COMB normal  — VH-001 48,3%
[SIMULADOR] GPS    → flota/VH-002/gps                         {"vehiculo_id":"VH-002","latitud":-2.182958,"longitud":-79.718487,"velocidad_kmh":71.8,"timestamp":"2026-05-15T12:11:53.446527193"}

[SUSCRIPTOR] flota/VH-002/gps                         {"vehiculo_id":"VH-002","latitud":-2.182958,"longitud":-79.718487,"velocidad_kmh":71.8,"timestamp":"2026-05-15T12:11:53.446527193"}
[SUSCRIPTOR] GPS guardado  — VH-002 lat=-2,1830 lng=-79,7185
[SIMULADOR] TEMP   → flota/VH-002/temperatura                 {"vehiculo_id":"VH-002","temperatura_c":-3.1,"alerta":false,"timestamp":"2026-05-15T12:11:53.544835350"}

[SUSCRIPTOR] flota/VH-002/temperatura                 {"vehiculo_id":"VH-002","temperatura_c":-3.1,"alerta":false,"timestamp":"2026-05-15T12:11:53.544835350"}
[SUSCRIPTOR] TEMP normal  — VH-002 -3,1°C
[SIMULADOR] COMB   → flota/VH-002/combustible                 {"vehiculo_id":"VH-002","nivel_pct":64.2,"alerta_bajo":false,"timestamp":"2026-05-15T12:11:53.616597823"}

[SUSCRIPTOR] flota/VH-002/combustible                 {"vehiculo_id":"VH-002","nivel_pct":64.2,"alerta_bajo":false,"timestamp":"2026-05-15T12:11:53.616597823"}
----------------------------------------------------------------------
[SUSCRIPTOR] COMB normal  — VH-002 64,2%
[SIMULADOR] GPS    → flota/VH-003/gps                         {"vehiculo_id":"VH-003","latitud":-2.378493,"longitud":-79.695284,"velocidad_kmh":99.4,"timestamp":"2026-05-15T12:11:53.827097505"}

[SUSCRIPTOR] flota/VH-003/gps                         {"vehiculo_id":"VH-003","latitud":-2.378493,"longitud":-79.695284,"velocidad_kmh":99.4,"timestamp":"2026-05-15T12:11:53.827097505"}
[SUSCRIPTOR] GPS guardado  — VH-003 lat=-2,3785 lng=-79,6953
[SIMULADOR] TEMP   → flota/VH-003/temperatura                 {"vehiculo_id":"VH-003","temperatura_c":-1.8,"alerta":false,"timestamp":"2026-05-15T12:11:53.887711732"}

[SUSCRIPTOR] flota/VH-003/temperatura                 {"vehiculo_id":"VH-003","temperatura_c":-1.8,"alerta":false,"timestamp":"2026-05-15T12:11:53.887711732"}
[SUSCRIPTOR] TEMP normal  — VH-003 -1,8°C
[SIMULADOR] COMB   → flota/VH-003/combustible                 {"vehiculo_id":"VH-003","nivel_pct":80.8,"alerta_bajo":false,"timestamp":"2026-05-15T12:11:53.946858790"}
----------------------------------------------------------------------

[SUSCRIPTOR] flota/VH-003/combustible                 {"vehiculo_id":"VH-003","nivel_pct":80.8,"alerta_bajo":false,"timestamp":"2026-05-15T12:11:53.946858790"}
[SUSCRIPTOR] COMB normal  — VH-003 80,8%

[SUSCRIPTOR] flota/VH-001/gps                         {"vehiculoId": "VH-001", "latitud": -2.2173481999188747, "longitud": -79.91148844055904, "velocidadKmh": 22.023486637817218}
[SUSCRIPTOR] GPS guardado  — VH-001 lat=-2,2173 lng=-79,9115

[SUSCRIPTOR] flota/VH-001/temp                        {"vehiculoId": "VH-001", "temperaturaC": 4.707238806579422, "alerta": true}
[SUSCRIPTOR] Sensor desconocido: temp

[SUSCRIPTOR] flota/VH-001/fuel                        {"vehiculoId": "VH-001", "nivelPct": 58.38967044966788, "alerta": false}
[SUSCRIPTOR] Sensor desconocido: fuel

[SUSCRIPTOR] flota/VH-002/gps                         {"vehiculoId": "VH-002", "latitud": -2.12360255223241, "longitud": -79.97122583356347, "velocidadKmh": 33.679262087807984}
[SUSCRIPTOR] GPS guardado  — VH-002 lat=-2,1236 lng=-79,9712

[SUSCRIPTOR] flota/VH-002/temp                        {"vehiculoId": "VH-002", "temperaturaC": 1.5011813192431185, "alerta": false}
[SUSCRIPTOR] Sensor desconocido: temp

[SUSCRIPTOR] flota/VH-002/fuel                        {"vehiculoId": "VH-002", "nivelPct": 52.61890243854794, "alerta": false}
[SUSCRIPTOR] Sensor desconocido: fuel

[SUSCRIPTOR] flota/VH-003/gps                         {"vehiculoId": "VH-003", "latitud": -2.1213396166881884, "longitud": -79.89235151315403, "velocidadKmh": 89.009269873075}
[SUSCRIPTOR] GPS guardado  — VH-003 lat=-2,1213 lng=-79,8924

[SUSCRIPTOR] flota/VH-003/temp                        {"vehiculoId": "VH-003", "temperaturaC": 7.014256208822641, "alerta": true}
[SUSCRIPTOR] Sensor desconocido: temp

[SUSCRIPTOR] flota/VH-003/fuel                        {"vehiculoId": "VH-003", "nivelPct": 43.23213359258763, "alerta": false}
[SUSCRIPTOR] Sensor desconocido: fuel

======================================================================
  CICLO #3 — 2026-05-15T12:11:59.007390214
======================================================================
[SIMULADOR] GPS    → flota/VH-001/gps                         {"vehiculo_id":"VH-001","latitud":-1.92357,"longitud":-79.715023,"velocidad_kmh":67.5,"timestamp":"2026-05-15T12:11:59.007809628"}

[SUSCRIPTOR] flota/VH-001/gps                         {"vehiculo_id":"VH-001","latitud":-1.92357,"longitud":-79.715023,"velocidad_kmh":67.5,"timestamp":"2026-05-15T12:11:59.007809628"}
[SUSCRIPTOR] GPS guardado  — VH-001 lat=-1,9236 lng=-79,7150
[SIMULADOR] TEMP   → flota/VH-001/temperatura                 {"vehiculo_id":"VH-001","temperatura_c":-2.2,"alerta":false,"timestamp":"2026-05-15T12:11:59.125273577"}

[SUSCRIPTOR] flota/VH-001/temperatura                 {"vehiculo_id":"VH-001","temperatura_c":-2.2,"alerta":false,"timestamp":"2026-05-15T12:11:59.125273577"}
[SUSCRIPTOR] TEMP normal  — VH-001 -2,2°C
[SIMULADOR] COMB   → flota/VH-001/combustible                 {"vehiculo_id":"VH-001","nivel_pct":69.3,"alerta_bajo":false,"timestamp":"2026-05-15T12:11:59.174705380"}

[SUSCRIPTOR] flota/VH-001/combustible                 {"vehiculo_id":"VH-001","nivel_pct":69.3,"alerta_bajo":false,"timestamp":"2026-05-15T12:11:59.174705380"}
----------------------------------------------------------------------
[SUSCRIPTOR] COMB normal  — VH-001 69,3%
[SIMULADOR] GPS    → flota/VH-002/gps                         {"vehiculo_id":"VH-002","latitud":-2.306591,"longitud":-79.73058,"velocidad_kmh":1.5,"timestamp":"2026-05-15T12:11:59.224095340"}

[SUSCRIPTOR] flota/VH-002/gps                         {"vehiculo_id":"VH-002","latitud":-2.306591,"longitud":-79.73058,"velocidad_kmh":1.5,"timestamp":"2026-05-15T12:11:59.224095340"}
[SUSCRIPTOR] GPS guardado  — VH-002 lat=-2,3066 lng=-79,7306
[SIMULADOR] TEMP   → flota/VH-002/temperatura                 {"vehiculo_id":"VH-002","temperatura_c":2.9,"alerta":false,"timestamp":"2026-05-15T12:11:59.284887638"}

[SUSCRIPTOR] flota/VH-002/temperatura                 {"vehiculo_id":"VH-002","temperatura_c":2.9,"alerta":false,"timestamp":"2026-05-15T12:11:59.284887638"}
[SUSCRIPTOR] TEMP normal  — VH-002 2,9°C
[SIMULADOR] COMB   → flota/VH-002/combustible                 {"vehiculo_id":"VH-002","nivel_pct":11.6,"alerta_bajo":true,"timestamp":"2026-05-15T12:11:59.344451369"}
----------------------------------------------------------------------

[SUSCRIPTOR] flota/VH-002/combustible                 {"vehiculo_id":"VH-002","nivel_pct":11.6,"alerta_bajo":true,"timestamp":"2026-05-15T12:11:59.344451369"}
⚠️  [ALERTA COMB] VH-002 — combustible 11,6% BAJO 20%
[BRIDGE] COMB ALERTA → RabbitMQ [fuel.routing] vehículo=VH-002 nivel=11,6%
[ALERT CONSUMER] ALERTA COMBUSTIBLE — VH-002 | nivel=11,6% BAJO 20%
[ALERT CONSUMER] Notificación combustible → cola.notificaciones para VH-002
[ALERT CONSUMER] Combustible normal — VH-002 | nivel=0,0%
[SIMULADOR] GPS    → flota/VH-003/gps                         {"vehiculo_id":"VH-003","latitud":-2.161903,"longitud":-79.996611,"velocidad_kmh":25.3,"timestamp":"2026-05-15T12:11:59.393999519"}

[SUSCRIPTOR] flota/VH-003/gps                         {"vehiculo_id":"VH-003","latitud":-2.161903,"longitud":-79.996611,"velocidad_kmh":25.3,"timestamp":"2026-05-15T12:11:59.393999519"}
[SUSCRIPTOR] GPS guardado  — VH-003 lat=-2,1619 lng=-79,9966
[SIMULADOR] TEMP   → flota/VH-003/temperatura                 {"vehiculo_id":"VH-003","temperatura_c":-2.7,"alerta":false,"timestamp":"2026-05-15T12:11:59.492384284"}

[SUSCRIPTOR] flota/VH-003/temperatura                 {"vehiculo_id":"VH-003","temperatura_c":-2.7,"alerta":false,"timestamp":"2026-05-15T12:11:59.492384284"}
[SUSCRIPTOR] TEMP normal  — VH-003 -2,7°C
[SIMULADOR] COMB   → flota/VH-003/combustible                 {"vehiculo_id":"VH-003","nivel_pct":13.3,"alerta_bajo":true,"timestamp":"2026-05-15T12:11:59.590841132"}

[SUSCRIPTOR] flota/VH-003/combustible                 {"vehiculo_id":"VH-003","nivel_pct":13.3,"alerta_bajo":true,"timestamp":"2026-05-15T12:11:59.590841132"}
----------------------------------------------------------------------
⚠️  [ALERTA COMB] VH-003 — combustible 13,3% BAJO 20%
[BRIDGE] COMB ALERTA → RabbitMQ [fuel.routing] vehículo=VH-003 nivel=13,3%
[ALERT CONSUMER] ALERTA COMBUSTIBLE — VH-003 | nivel=13,3% BAJO 20%
[ALERT CONSUMER] Notificación combustible → cola.notificaciones para VH-003
[ALERT CONSUMER] Combustible normal — VH-003 | nivel=0,0%

[SUSCRIPTOR] flota/VH-001/gps                         {"vehiculoId": "VH-001", "latitud": -2.1987695782876404, "longitud": -79.87663549979898, "velocidadKmh": 90.95261316269128}
[SUSCRIPTOR] GPS guardado  — VH-001 lat=-2,1988 lng=-79,8766

[SUSCRIPTOR] flota/VH-001/temp                        {"vehiculoId": "VH-001", "temperaturaC": 2.7517562435710037, "alerta": false}
[SUSCRIPTOR] Sensor desconocido: temp

[SUSCRIPTOR] flota/VH-001/fuel                        {"vehiculoId": "VH-001", "nivelPct": 33.296821986587645, "alerta": false}
[SUSCRIPTOR] Sensor desconocido: fuel

[SUSCRIPTOR] flota/VH-002/gps                         {"vehiculoId": "VH-002", "latitud": -2.160113754251766, "longitud": -79.9634561285811, "velocidadKmh": 30.143811766517686}
[SUSCRIPTOR] GPS guardado  — VH-002 lat=-2,1601 lng=-79,9635

[SUSCRIPTOR] flota/VH-002/temp                        {"vehiculoId": "VH-002", "temperaturaC": 6.208512462742071, "alerta": true}
[SUSCRIPTOR] Sensor desconocido: temp

[SUSCRIPTOR] flota/VH-002/fuel                        {"vehiculoId": "VH-002", "nivelPct": 11.883166092906603, "alerta": true}
[SUSCRIPTOR] Sensor desconocido: fuel

[SUSCRIPTOR] flota/VH-003/gps                         {"vehiculoId": "VH-003", "latitud": -2.1643855899850823, "longitud": -79.87549474406919, "velocidadKmh": 103.16043953533344}
[SUSCRIPTOR] GPS guardado  — VH-003 lat=-2,1644 lng=-79,8755

[SUSCRIPTOR] flota/VH-003/temp                        {"vehiculoId": "VH-003", "temperaturaC": 5.068906016583753, "alerta": true}
[SUSCRIPTOR] Sensor desconocido: temp

[SUSCRIPTOR] flota/VH-003/fuel                        {"vehiculoId": "VH-003", "nivelPct": 72.01358315432078, "alerta": false}
[SUSCRIPTOR] Sensor desconocido: fuel

======================================================================
  CICLO #4 — 2026-05-15T12:12:04.653447501
======================================================================
[SIMULADOR] GPS    → flota/VH-001/gps                         {"vehiculo_id":"VH-001","latitud":-1.93855,"longitud":-79.747184,"velocidad_kmh":53.3,"timestamp":"2026-05-15T12:12:04.654281093"}

[SUSCRIPTOR] flota/VH-001/gps                         {"vehiculo_id":"VH-001","latitud":-1.93855,"longitud":-79.747184,"velocidad_kmh":53.3,"timestamp":"2026-05-15T12:12:04.654281093"}
[SUSCRIPTOR] GPS guardado  — VH-001 lat=-1,9386 lng=-79,7472
[SIMULADOR] TEMP   → flota/VH-001/temperatura                 {"vehiculo_id":"VH-001","temperatura_c":-3.5,"alerta":false,"timestamp":"2026-05-15T12:12:04.714185387"}

[SUSCRIPTOR] flota/VH-001/temperatura                 {"vehiculo_id":"VH-001","temperatura_c":-3.5,"alerta":false,"timestamp":"2026-05-15T12:12:04.714185387"}
[SUSCRIPTOR] TEMP normal  — VH-001 -3,5°C
[SIMULADOR] COMB   → flota/VH-001/combustible                 {"vehiculo_id":"VH-001","nivel_pct":70.2,"alerta_bajo":false,"timestamp":"2026-05-15T12:12:04.773536609"}
----------------------------------------------------------------------

[SUSCRIPTOR] flota/VH-001/combustible                 {"vehiculo_id":"VH-001","nivel_pct":70.2,"alerta_bajo":false,"timestamp":"2026-05-15T12:12:04.773536609"}
[SUSCRIPTOR] COMB normal  — VH-001 70,2%
[SIMULADOR] GPS    → flota/VH-002/gps                         {"vehiculo_id":"VH-002","latitud":-2.211002,"longitud":-79.77846,"velocidad_kmh":33.2,"timestamp":"2026-05-15T12:12:04.834389130"}

[SUSCRIPTOR] flota/VH-002/gps                         {"vehiculo_id":"VH-002","latitud":-2.211002,"longitud":-79.77846,"velocidad_kmh":33.2,"timestamp":"2026-05-15T12:12:04.834389130"}
[SUSCRIPTOR] GPS guardado  — VH-002 lat=-2,2110 lng=-79,7785
[SIMULADOR] TEMP   → flota/VH-002/temperatura                 {"vehiculo_id":"VH-002","temperatura_c":-2.6,"alerta":false,"timestamp":"2026-05-15T12:12:04.894940727"}

[SUSCRIPTOR] flota/VH-002/temperatura                 {"vehiculo_id":"VH-002","temperatura_c":-2.6,"alerta":false,"timestamp":"2026-05-15T12:12:04.894940727"}
[SUSCRIPTOR] TEMP normal  — VH-002 -2,6°C
[SIMULADOR] COMB   → flota/VH-002/combustible                 {"vehiculo_id":"VH-002","nivel_pct":60.5,"alerta_bajo":false,"timestamp":"2026-05-15T12:12:04.955208548"}
----------------------------------------------------------------------

[SUSCRIPTOR] flota/VH-002/combustible                 {"vehiculo_id":"VH-002","nivel_pct":60.5,"alerta_bajo":false,"timestamp":"2026-05-15T12:12:04.955208548"}
[SUSCRIPTOR] COMB normal  — VH-002 60,5%
[SIMULADOR] GPS    → flota/VH-003/gps                         {"vehiculo_id":"VH-003","latitud":-2.339165,"longitud":-79.693584,"velocidad_kmh":39.9,"timestamp":"2026-05-15T12:12:05.038018719"}

[SUSCRIPTOR] flota/VH-003/gps                         {"vehiculo_id":"VH-003","latitud":-2.339165,"longitud":-79.693584,"velocidad_kmh":39.9,"timestamp":"2026-05-15T12:12:05.038018719"}
[SUSCRIPTOR] GPS guardado  — VH-003 lat=-2,3392 lng=-79,6936
[SIMULADOR] TEMP   → flota/VH-003/temperatura                 {"vehiculo_id":"VH-003","temperatura_c":0.2,"alerta":false,"timestamp":"2026-05-15T12:12:05.096821308"}

[SUSCRIPTOR] flota/VH-003/temperatura                 {"vehiculo_id":"VH-003","temperatura_c":0.2,"alerta":false,"timestamp":"2026-05-15T12:12:05.096821308"}
[SUSCRIPTOR] TEMP normal  — VH-003 0,2°C
[SIMULADOR] COMB   → flota/VH-003/combustible                 {"vehiculo_id":"VH-003","nivel_pct":55.2,"alerta_bajo":false,"timestamp":"2026-05-15T12:12:05.301240978"}
----------------------------------------------------------------------

[SUSCRIPTOR] flota/VH-003/combustible                 {"vehiculo_id":"VH-003","nivel_pct":55.2,"alerta_bajo":false,"timestamp":"2026-05-15T12:12:05.301240978"}
[SUSCRIPTOR] COMB normal  — VH-003 55,2%

[SUSCRIPTOR] flota/VH-001/gps                         {"vehiculoId": "VH-001", "latitud": -2.142164452914661, "longitud": -79.9075050601141, "velocidadKmh": 81.6801505577437}
[SUSCRIPTOR] GPS guardado  — VH-001 lat=-2,1422 lng=-79,9075

[SUSCRIPTOR] flota/VH-001/temp                        {"vehiculoId": "VH-001", "temperaturaC": -0.12884397851810547, "alerta": false}
[SUSCRIPTOR] Sensor desconocido: temp

[SUSCRIPTOR] flota/VH-001/fuel                        {"vehiculoId": "VH-001", "nivelPct": 67.70166728551553, "alerta": false}
[SUSCRIPTOR] Sensor desconocido: fuel

[SUSCRIPTOR] flota/VH-002/gps                         {"vehiculoId": "VH-002", "latitud": -2.163931446512546, "longitud": -79.89195591290056, "velocidadKmh": 24.297857362697002}
[SUSCRIPTOR] GPS guardado  — VH-002 lat=-2,1639 lng=-79,8920

[SUSCRIPTOR] flota/VH-002/temp                        {"vehiculoId": "VH-002", "temperaturaC": 2.237251851947546, "alerta": false}
[SUSCRIPTOR] Sensor desconocido: temp

[SUSCRIPTOR] flota/VH-002/fuel                        {"vehiculoId": "VH-002", "nivelPct": 61.38854459155898, "alerta": false}
[SUSCRIPTOR] Sensor desconocido: fuel

[SUSCRIPTOR] flota/VH-003/gps                         {"vehiculoId": "VH-003", "latitud": -2.1416720404980683, "longitud": -79.9416850530935, "velocidadKmh": 98.28673043543587}
[SUSCRIPTOR] GPS guardado  — VH-003 lat=-2,1417 lng=-79,9417

[SUSCRIPTOR] flota/VH-003/temp                        {"vehiculoId": "VH-003", "temperaturaC": 1.379183593390592, "alerta": false}
[SUSCRIPTOR] Sensor desconocido: temp

[SUSCRIPTOR] flota/VH-003/fuel                        {"vehiculoId": "VH-003", "nivelPct": 40.948344177093695, "alerta": false}
[SUSCRIPTOR] Sensor desconocido: fuel

======================================================================
  CICLO #5 — 2026-05-15T12:12:10.351465747
======================================================================
[SIMULADOR] GPS    → flota/VH-001/gps                         {"vehiculo_id":"VH-001","latitud":-2.387389,"longitud":-79.923467,"velocidad_kmh":6.3,"timestamp":"2026-05-15T12:12:10.351940396"}

[SUSCRIPTOR] flota/VH-001/gps                         {"vehiculo_id":"VH-001","latitud":-2.387389,"longitud":-79.923467,"velocidad_kmh":6.3,"timestamp":"2026-05-15T12:12:10.351940396"}
[SUSCRIPTOR] GPS guardado  — VH-001 lat=-2,3874 lng=-79,9235
[SIMULADOR] TEMP   → flota/VH-001/temperatura                 {"vehiculo_id":"VH-001","temperatura_c":2.4,"alerta":false,"timestamp":"2026-05-15T12:12:10.555233368"}

[SUSCRIPTOR] flota/VH-001/temperatura                 {"vehiculo_id":"VH-001","temperatura_c":2.4,"alerta":false,"timestamp":"2026-05-15T12:12:10.555233368"}
[SUSCRIPTOR] TEMP normal  — VH-001 2,4°C
[SIMULADOR] COMB   → flota/VH-001/combustible                 {"vehiculo_id":"VH-001","nivel_pct":17.5,"alerta_bajo":true,"timestamp":"2026-05-15T12:12:10.614608290"}
----------------------------------------------------------------------

[SUSCRIPTOR] flota/VH-001/combustible                 {"vehiculo_id":"VH-001","nivel_pct":17.5,"alerta_bajo":true,"timestamp":"2026-05-15T12:12:10.614608290"}
⚠️  [ALERTA COMB] VH-001 — combustible 17,5% BAJO 20%
[BRIDGE] COMB ALERTA → RabbitMQ [fuel.routing] vehículo=VH-001 nivel=17,5%
[ALERT CONSUMER] ALERTA COMBUSTIBLE — VH-001 | nivel=17,5% BAJO 20%
[ALERT CONSUMER] Notificación combustible → cola.notificaciones para VH-001
[ALERT CONSUMER] Combustible normal — VH-001 | nivel=0,0%
[SIMULADOR] GPS    → flota/VH-002/gps                         {"vehiculo_id":"VH-002","latitud":-2.273185,"longitud":-79.960598,"velocidad_kmh":46.4,"timestamp":"2026-05-15T12:12:10.675646900"}

[SUSCRIPTOR] flota/VH-002/gps                         {"vehiculo_id":"VH-002","latitud":-2.273185,"longitud":-79.960598,"velocidad_kmh":46.4,"timestamp":"2026-05-15T12:12:10.675646900"}
[SUSCRIPTOR] GPS guardado  — VH-002 lat=-2,2732 lng=-79,9606
[SIMULADOR] TEMP   → flota/VH-002/temperatura                 {"vehiculo_id":"VH-002","temperatura_c":-4.2,"alerta":false,"timestamp":"2026-05-15T12:12:10.734745285"}

[SUSCRIPTOR] flota/VH-002/temperatura                 {"vehiculo_id":"VH-002","temperatura_c":-4.2,"alerta":false,"timestamp":"2026-05-15T12:12:10.734745285"}
[SUSCRIPTOR] TEMP normal  — VH-002 -4,2°C
[SIMULADOR] COMB   → flota/VH-002/combustible                 {"vehiculo_id":"VH-002","nivel_pct":46.4,"alerta_bajo":false,"timestamp":"2026-05-15T12:12:10.796177991"}
----------------------------------------------------------------------

[SUSCRIPTOR] flota/VH-002/combustible                 {"vehiculo_id":"VH-002","nivel_pct":46.4,"alerta_bajo":false,"timestamp":"2026-05-15T12:12:10.796177991"}
[SUSCRIPTOR] COMB normal  — VH-002 46,4%
[SIMULADOR] GPS    → flota/VH-003/gps                         {"vehiculo_id":"VH-003","latitud":-1.995132,"longitud":-79.737178,"velocidad_kmh":56.4,"timestamp":"2026-05-15T12:12:10.855676805"}

[SUSCRIPTOR] flota/VH-003/gps                         {"vehiculo_id":"VH-003","latitud":-1.995132,"longitud":-79.737178,"velocidad_kmh":56.4,"timestamp":"2026-05-15T12:12:10.855676805"}
[SUSCRIPTOR] GPS guardado  — VH-003 lat=-1,9951 lng=-79,7372
[SIMULADOR] TEMP   → flota/VH-003/temperatura                 {"vehiculo_id":"VH-003","temperatura_c":4.8,"alerta":true,"timestamp":"2026-05-15T12:12:10.938201807"}

[SUSCRIPTOR] flota/VH-003/temperatura                 {"vehiculo_id":"VH-003","temperatura_c":4.8,"alerta":true,"timestamp":"2026-05-15T12:12:10.938201807"}
⚠️  [ALERTA TEMP] VH-003 — temperatura 4,8°C SUPERA 4°C
[BRIDGE] TEMP ALERTA → RabbitMQ [temp.alert] vehículo=VH-003
[ALERT CONSUMER] ALERTA TEMPERATURA — VH-003 | temp=4,8°C FUERA DE RANGO
[ALERT CONSUMER] Notificación enviada → cola.notificaciones para VH-003
[ALERT CONSUMER] Temperatura normal — VH-003 | temp=0,0°C
[SIMULADOR] COMB   → flota/VH-003/combustible                 {"vehiculo_id":"VH-003","nivel_pct":36.9,"alerta_bajo":false,"timestamp":"2026-05-15T12:12:11.068546191"}
----------------------------------------------------------------------

[SUSCRIPTOR] flota/VH-003/combustible                 {"vehiculo_id":"VH-003","nivel_pct":36.9,"alerta_bajo":false,"timestamp":"2026-05-15T12:12:11.068546191"}
[SUSCRIPTOR] COMB normal  — VH-003 36,9%

[SUSCRIPTOR] flota/VH-001/gps                         {"vehiculoId": "VH-001", "latitud": -2.21697071198718, "longitud": -79.9700506789699, "velocidadKmh": 78.25095760157785}
[SUSCRIPTOR] GPS guardado  — VH-001 lat=-2,2170 lng=-79,9701

[SUSCRIPTOR] flota/VH-001/temp                        {"vehiculoId": "VH-001", "temperaturaC": 3.203167310889829, "alerta": false}
[SUSCRIPTOR] Sensor desconocido: temp

[SUSCRIPTOR] flota/VH-001/fuel                        {"vehiculoId": "VH-001", "nivelPct": 89.98910032843533, "alerta": false}
[SUSCRIPTOR] Sensor desconocido: fuel

[SUSCRIPTOR] flota/VH-002/gps                         {"vehiculoId": "VH-002", "latitud": -2.1409381293662992, "longitud": -79.88177981554657, "velocidadKmh": 95.21908120151382}
[SUSCRIPTOR] GPS guardado  — VH-002 lat=-2,1409 lng=-79,8818

[SUSCRIPTOR] flota/VH-002/temp                        {"vehiculoId": "VH-002", "temperaturaC": 6.290091103457467, "alerta": true}
[SUSCRIPTOR] Sensor desconocido: temp

[SUSCRIPTOR] flota/VH-002/fuel                        {"vehiculoId": "VH-002", "nivelPct": 45.316274052068835, "alerta": false}
[SUSCRIPTOR] Sensor desconocido: fuel

[SUSCRIPTOR] flota/VH-003/gps                         {"vehiculoId": "VH-003", "latitud": -2.138109777196595, "longitud": -79.90837660267871, "velocidadKmh": 44.728271749113475}
[SUSCRIPTOR] GPS guardado  — VH-003 lat=-2,1381 lng=-79,9084

[SUSCRIPTOR] flota/VH-003/temp                        {"vehiculoId": "VH-003", "temperaturaC": 2.2586253117248134, "alerta": false}
[SUSCRIPTOR] Sensor desconocido: temp

[SUSCRIPTOR] flota/VH-003/fuel                        {"vehiculoId": "VH-003", "nivelPct": 63.29546514566177, "alerta": false}
[SUSCRIPTOR] Sensor desconocido: fuel

======================================================================
  CICLO #6 — 2026-05-15T12:12:16.130315409
======================================================================
[SIMULADOR] GPS    → flota/VH-001/gps                         {"vehiculo_id":"VH-001","latitud":-2.418161,"longitud":-79.687915,"velocidad_kmh":55.0,"timestamp":"2026-05-15T12:12:16.130536453"}

[SUSCRIPTOR] flota/VH-001/gps                         {"vehiculo_id":"VH-001","latitud":-2.418161,"longitud":-79.687915,"velocidad_kmh":55.0,"timestamp":"2026-05-15T12:12:16.130536453"}
[SUSCRIPTOR] GPS guardado  — VH-001 lat=-2,4182 lng=-79,6879
[SIMULADOR] TEMP   → flota/VH-001/temperatura                 {"vehiculo_id":"VH-001","temperatura_c":-4.8,"alerta":false,"timestamp":"2026-05-15T12:12:16.260665450"}

[SUSCRIPTOR] flota/VH-001/temperatura                 {"vehiculo_id":"VH-001","temperatura_c":-4.8,"alerta":false,"timestamp":"2026-05-15T12:12:16.260665450"}
[SUSCRIPTOR] TEMP normal  — VH-001 -4,8°C
[SIMULADOR] COMB   → flota/VH-001/combustible                 {"vehiculo_id":"VH-001","nivel_pct":13.0,"alerta_bajo":true,"timestamp":"2026-05-15T12:12:16.350165442"}
----------------------------------------------------------------------

[SUSCRIPTOR] flota/VH-001/combustible                 {"vehiculo_id":"VH-001","nivel_pct":13.0,"alerta_bajo":true,"timestamp":"2026-05-15T12:12:16.350165442"}
⚠️  [ALERTA COMB] VH-001 — combustible 13,0% BAJO 20%
[BRIDGE] COMB ALERTA → RabbitMQ [fuel.routing] vehículo=VH-001 nivel=13,0%
[ALERT CONSUMER] ALERTA COMBUSTIBLE — VH-001 | nivel=13,0% BAJO 20%
[ALERT CONSUMER] Notificación combustible → cola.notificaciones para VH-001
[ALERT CONSUMER] Combustible normal — VH-001 | nivel=0,0%
[SIMULADOR] GPS    → flota/VH-002/gps                         {"vehiculo_id":"VH-002","latitud":-1.940089,"longitud":-80.10282,"velocidad_kmh":60.0,"timestamp":"2026-05-15T12:12:16.507812215"}

[SUSCRIPTOR] flota/VH-002/gps                         {"vehiculo_id":"VH-002","latitud":-1.940089,"longitud":-80.10282,"velocidad_kmh":60.0,"timestamp":"2026-05-15T12:12:16.507812215"}
[SUSCRIPTOR] GPS guardado  — VH-002 lat=-1,9401 lng=-80,1028
[SIMULADOR] TEMP   → flota/VH-002/temperatura                 {"vehiculo_id":"VH-002","temperatura_c":7.6,"alerta":true,"timestamp":"2026-05-15T12:12:16.557507750"}

[SUSCRIPTOR] flota/VH-002/temperatura                 {"vehiculo_id":"VH-002","temperatura_c":7.6,"alerta":true,"timestamp":"2026-05-15T12:12:16.557507750"}
⚠️  [ALERTA TEMP] VH-002 — temperatura 7,6°C SUPERA 4°C
[BRIDGE] TEMP ALERTA → RabbitMQ [temp.alert] vehículo=VH-002
[ALERT CONSUMER] ALERTA TEMPERATURA — VH-002 | temp=7,6°C FUERA DE RANGO
[ALERT CONSUMER] Notificación enviada → cola.notificaciones para VH-002
[ALERT CONSUMER] Temperatura normal — VH-002 | temp=0,0°C
[SIMULADOR] COMB   → flota/VH-002/combustible                 {"vehiculo_id":"VH-002","nivel_pct":84.8,"alerta_bajo":false,"timestamp":"2026-05-15T12:12:16.617723417"}
----------------------------------------------------------------------

[SUSCRIPTOR] flota/VH-002/combustible                 {"vehiculo_id":"VH-002","nivel_pct":84.8,"alerta_bajo":false,"timestamp":"2026-05-15T12:12:16.617723417"}
[SUSCRIPTOR] COMB normal  — VH-002 84,8%
[SIMULADOR] GPS    → flota/VH-003/gps                         {"vehiculo_id":"VH-003","latitud":-1.922883,"longitud":-80.063797,"velocidad_kmh":38.5,"timestamp":"2026-05-15T12:12:16.666958924"}

[SUSCRIPTOR] flota/VH-003/gps                         {"vehiculo_id":"VH-003","latitud":-1.922883,"longitud":-80.063797,"velocidad_kmh":38.5,"timestamp":"2026-05-15T12:12:16.666958924"}
[SUSCRIPTOR] GPS guardado  — VH-003 lat=-1,9229 lng=-80,0638
[SIMULADOR] TEMP   → flota/VH-003/temperatura                 {"vehiculo_id":"VH-003","temperatura_c":-1.3,"alerta":false,"timestamp":"2026-05-15T12:12:16.715998850"}

[SUSCRIPTOR] flota/VH-003/temperatura                 {"vehiculo_id":"VH-003","temperatura_c":-1.3,"alerta":false,"timestamp":"2026-05-15T12:12:16.715998850"}
[SUSCRIPTOR] TEMP normal  — VH-003 -1,3°C
[SIMULADOR] COMB   → flota/VH-003/combustible                 {"vehiculo_id":"VH-003","nivel_pct":63.8,"alerta_bajo":false,"timestamp":"2026-05-15T12:12:16.765299982"}
----------------------------------------------------------------------

[SUSCRIPTOR] flota/VH-003/combustible                 {"vehiculo_id":"VH-003","nivel_pct":63.8,"alerta_bajo":false,"timestamp":"2026-05-15T12:12:16.765299982"}
[SUSCRIPTOR] COMB normal  — VH-003 63,8%

[SUSCRIPTOR] flota/VH-001/gps                         {"vehiculoId": "VH-001", "latitud": -2.1705182232189677, "longitud": -79.90870595323032, "velocidadKmh": 37.50661199225314}
[SUSCRIPTOR] GPS guardado  — VH-001 lat=-2,1705 lng=-79,9087

[SUSCRIPTOR] flota/VH-001/temp                        {"vehiculoId": "VH-001", "temperaturaC": 7.657295616447861, "alerta": true}
[SUSCRIPTOR] Sensor desconocido: temp

[SUSCRIPTOR] flota/VH-001/fuel                        {"vehiculoId": "VH-001", "nivelPct": 48.75055186555653, "alerta": false}
[SUSCRIPTOR] Sensor desconocido: fuel

[SUSCRIPTOR] flota/VH-002/gps                         {"vehiculoId": "VH-002", "latitud": -2.2087875014970466, "longitud": -79.898385136143, "velocidadKmh": 107.83288323112892}
[SUSCRIPTOR] GPS guardado  — VH-002 lat=-2,2088 lng=-79,8984

[SUSCRIPTOR] flota/VH-002/temp                        {"vehiculoId": "VH-002", "temperaturaC": 2.477912374788957, "alerta": false}
[SUSCRIPTOR] Sensor desconocido: temp

[SUSCRIPTOR] flota/VH-002/fuel                        {"vehiculoId": "VH-002", "nivelPct": 74.6322944632839, "alerta": false}
[SUSCRIPTOR] Sensor desconocido: fuel

[SUSCRIPTOR] flota/VH-003/gps                         {"vehiculoId": "VH-003", "latitud": -2.1812553452877617, "longitud": -79.96484147560764, "velocidadKmh": 68.10034206312392}
[SUSCRIPTOR] GPS guardado  — VH-003 lat=-2,1813 lng=-79,9648

[SUSCRIPTOR] flota/VH-003/temp                        {"vehiculoId": "VH-003", "temperaturaC": -0.9461641403959258, "alerta": false}
[SUSCRIPTOR] Sensor desconocido: temp

[SUSCRIPTOR] flota/VH-003/fuel                        {"vehiculoId": "VH-003", "nivelPct": 89.85983728177274, "alerta": false}
[SUSCRIPTOR] Sensor desconocido: fuel

======================================================================
  CICLO #7 — 2026-05-15T12:12:21.864117686
======================================================================
[SIMULADOR] GPS    → flota/VH-001/gps                         {"vehiculo_id":"VH-001","latitud":-1.927058,"longitud":-79.68121,"velocidad_kmh":36.0,"timestamp":"2026-05-15T12:12:21.864344970"}

[SUSCRIPTOR] flota/VH-001/gps                         {"vehiculo_id":"VH-001","latitud":-1.927058,"longitud":-79.68121,"velocidad_kmh":36.0,"timestamp":"2026-05-15T12:12:21.864344970"}
[SUSCRIPTOR] GPS guardado  — VH-001 lat=-1,9271 lng=-79,6812
[SIMULADOR] TEMP   → flota/VH-001/temperatura                 {"vehiculo_id":"VH-001","temperatura_c":-2.1,"alerta":false,"timestamp":"2026-05-15T12:12:22.040226458"}

[SUSCRIPTOR] flota/VH-001/temperatura                 {"vehiculo_id":"VH-001","temperatura_c":-2.1,"alerta":false,"timestamp":"2026-05-15T12:12:22.040226458"}
[SUSCRIPTOR] TEMP normal  — VH-001 -2,1°C
[SIMULADOR] COMB   → flota/VH-001/combustible                 {"vehiculo_id":"VH-001","nivel_pct":38.4,"alerta_bajo":false,"timestamp":"2026-05-15T12:12:22.089426937"}
----------------------------------------------------------------------

[SUSCRIPTOR] flota/VH-001/combustible                 {"vehiculo_id":"VH-001","nivel_pct":38.4,"alerta_bajo":false,"timestamp":"2026-05-15T12:12:22.089426937"}
[SUSCRIPTOR] COMB normal  — VH-001 38,4%
[SIMULADOR] GPS    → flota/VH-002/gps                         {"vehiculo_id":"VH-002","latitud":-2.118504,"longitud":-79.817883,"velocidad_kmh":57.0,"timestamp":"2026-05-15T12:12:22.138551246"}

[SUSCRIPTOR] flota/VH-002/gps                         {"vehiculo_id":"VH-002","latitud":-2.118504,"longitud":-79.817883,"velocidad_kmh":57.0,"timestamp":"2026-05-15T12:12:22.138551246"}
[SUSCRIPTOR] GPS guardado  — VH-002 lat=-2,1185 lng=-79,8179
[SIMULADOR] TEMP   → flota/VH-002/temperatura                 {"vehiculo_id":"VH-002","temperatura_c":3.8,"alerta":false,"timestamp":"2026-05-15T12:12:22.188127304"}

[SUSCRIPTOR] flota/VH-002/temperatura                 {"vehiculo_id":"VH-002","temperatura_c":3.8,"alerta":false,"timestamp":"2026-05-15T12:12:22.188127304"}
[SUSCRIPTOR] TEMP normal  — VH-002 3,8°C
[SIMULADOR] COMB   → flota/VH-002/combustible                 {"vehiculo_id":"VH-002","nivel_pct":31.4,"alerta_bajo":false,"timestamp":"2026-05-15T12:12:22.237659437"}
----------------------------------------------------------------------

[SUSCRIPTOR] flota/VH-002/combustible                 {"vehiculo_id":"VH-002","nivel_pct":31.4,"alerta_bajo":false,"timestamp":"2026-05-15T12:12:22.237659437"}
[SUSCRIPTOR] COMB normal  — VH-002 31,4%

[SUSCRIPTOR] flota/VH-001/gps                         {"vehiculoId": "VH-001", "latitud": -2.1338589216551176, "longitud": -79.92727769634897, "velocidadKmh": 87.25819438811624}
[SUSCRIPTOR] GPS guardado  — VH-001 lat=-2,1339 lng=-79,9273

[SUSCRIPTOR] flota/VH-001/temp                        {"vehiculoId": "VH-001", "temperaturaC": 2.328147722943041, "alerta": false}
[SUSCRIPTOR] Sensor desconocido: temp

[SUSCRIPTOR] flota/VH-001/fuel                        {"vehiculoId": "VH-001", "nivelPct": 59.61647219424132, "alerta": false}
[SUSCRIPTOR] Sensor desconocido: fuel

[SUSCRIPTOR] flota/VH-002/gps                         {"vehiculoId": "VH-002", "latitud": -2.211887001323408, "longitud": -79.96344380208784, "velocidadKmh": 54.207357530224876}
[SIMULADOR] GPS    → flota/VH-003/gps                         {"vehiculo_id":"VH-003","latitud":-1.924396,"longitud":-79.815251,"velocidad_kmh":101.1,"timestamp":"2026-05-15T12:12:22.298124543"}
[SUSCRIPTOR] GPS guardado  — VH-002 lat=-2,2119 lng=-79,9634

[SUSCRIPTOR] flota/VH-002/temp                        {"vehiculoId": "VH-002", "temperaturaC": 7.517497417962305, "alerta": true}
[SUSCRIPTOR] Sensor desconocido: temp

[SUSCRIPTOR] flota/VH-002/fuel                        {"vehiculoId": "VH-002", "nivelPct": 72.71764530201857, "alerta": false}
[SUSCRIPTOR] Sensor desconocido: fuel

[SUSCRIPTOR] flota/VH-003/gps                         {"vehiculoId": "VH-003", "latitud": -2.19063224892599, "longitud": -79.8880888463546, "velocidadKmh": 37.4372650780827}
[SUSCRIPTOR] GPS guardado  — VH-003 lat=-2,1906 lng=-79,8881

[SUSCRIPTOR] flota/VH-003/temp                        {"vehiculoId": "VH-003", "temperaturaC": 0.5485022319511597, "alerta": false}
[SUSCRIPTOR] Sensor desconocido: temp

[SUSCRIPTOR] flota/VH-003/fuel                        {"vehiculoId": "VH-003", "nivelPct": 67.72295370708778, "alerta": false}
[SUSCRIPTOR] Sensor desconocido: fuel

[SUSCRIPTOR] flota/VH-003/gps                         {"vehiculo_id":"VH-003","latitud":-1.924396,"longitud":-79.815251,"velocidad_kmh":101.1,"timestamp":"2026-05-15T12:12:22.298124543"}
[SUSCRIPTOR] GPS guardado  — VH-003 lat=-1,9244 lng=-79,8153
[SIMULADOR] TEMP   → flota/VH-003/temperatura                 {"vehiculo_id":"VH-003","temperatura_c":-0.4,"alerta":false,"timestamp":"2026-05-15T12:12:22.358837600"}

[SUSCRIPTOR] flota/VH-003/temperatura                 {"vehiculo_id":"VH-003","temperatura_c":-0.4,"alerta":false,"timestamp":"2026-05-15T12:12:22.358837600"}
[SUSCRIPTOR] TEMP normal  — VH-003 -0,4°C
[SIMULADOR] COMB   → flota/VH-003/combustible                 {"vehiculo_id":"VH-003","nivel_pct":22.3,"alerta_bajo":false,"timestamp":"2026-05-15T12:12:22.419629190"}
----------------------------------------------------------------------

[SUSCRIPTOR] flota/VH-003/combustible                 {"vehiculo_id":"VH-003","nivel_pct":22.3,"alerta_bajo":false,"timestamp":"2026-05-15T12:12:22.419629190"}
[SUSCRIPTOR] COMB normal  — VH-003 22,3%
[[1;34mINFO[m] [1m------------------------------------------------------------------------[m
[[1;34mINFO[m] [1;31mBUILD FAILURE[m
[[1;34mINFO[m] [1m------------------------------------------------------------------------[m
[[1;34mINFO[m] Total time:  44.649 s
[[1;34mINFO[m] Finished at: 2026-05-15T12:12:23-05:00
[[1;34mINFO[m] [1m------------------------------------------------------------------------[m
[[1;31mERROR[m] Failed to execute goal [32morg.springframework.boot:spring-boot-maven-plugin:3.2.5:run[m [1m(default-cli)[m on project [36mfleet-monitor[m: [1;31mProcess terminated with exit code: 137[m -> [1m[Help 1][m
[[1;31mERROR[m] 
[[1;31mERROR[m] To see the full stack trace of the errors, re-run Maven with the [1m-e[m switch.
[[1;31mERROR[m] Re-run Maven using the [1m-X[m switch to enable full debug logging.
[[1;31mERROR[m] 
[[1;31mERROR[m] For more information about the errors and possible solutions, please read the following articles:
[[1;31mERROR[m] [1m[Help 1][m http://cwiki.apache.org/confluence/display/MAVEN/MojoExecutionException
