[[1;34mINFO[m] Scanning for projects...
[[1;34mINFO[m] 
[[1;34mINFO[m] [1m----------------------< [0;36medu.ape006:fleet-monitor[0;1m >----------------------[m
[[1;34mINFO[m] [1mBuilding fleet-monitor 0.0.1-SNAPSHOT[m
[[1;34mINFO[m] [1m--------------------------------[ jar ]---------------------------------[m
[[1;34mINFO[m] 
[[1;34mINFO[m] [1m>>> [0;32mspring-boot-maven-plugin:3.2.5:run[m [1m(default-cli)[0;1m > [0;1mtest-compile[m @ [36mfleet-monitor[0;1m >>>[m
[[1;34mINFO[m] 
[[1;34mINFO[m] [1m--- [0;32mmaven-resources-plugin:3.3.1:resources[m [1m(default-resources)[m @ [36mfleet-monitor[0;1m ---[m
[[1;34mINFO[m] Copying 1 resource from src/main/resources to target/classes
[[1;34mINFO[m] Copying 0 resource from src/main/resources to target/classes
[[1;34mINFO[m] 
[[1;34mINFO[m] [1m--- [0;32mmaven-compiler-plugin:3.11.0:compile[m [1m(default-compile)[m @ [36mfleet-monitor[0;1m ---[m
[[1;34mINFO[m] Nothing to compile - all classes are up to date
[[1;34mINFO[m] 
[[1;34mINFO[m] [1m--- [0;32mmaven-resources-plugin:3.3.1:testResources[m [1m(default-testResources)[m @ [36mfleet-monitor[0;1m ---[m
[[1;34mINFO[m] skip non existing resourceDirectory /home/miguel/Escritorio/Sistemas Distribuidos/Practica 06/flota-logistica/fleet-monitor/src/test/resources
[[1;34mINFO[m] 
[[1;34mINFO[m] [1m--- [0;32mmaven-compiler-plugin:3.11.0:testCompile[m [1m(default-testCompile)[m @ [36mfleet-monitor[0;1m ---[m
[[1;34mINFO[m] Nothing to compile - all classes are up to date
[[1;34mINFO[m] 
[[1;34mINFO[m] [1m<<< [0;32mspring-boot-maven-plugin:3.2.5:run[m [1m(default-cli)[0;1m < [0;1mtest-compile[m @ [36mfleet-monitor[0;1m <<<[m
[[1;34mINFO[m] 
[[1;34mINFO[m] 
[[1;34mINFO[m] [1m--- [0;32mspring-boot-maven-plugin:3.2.5:run[m [1m(default-cli)[m @ [36mfleet-monitor[0;1m ---[m
[[1;34mINFO[m] Attaching agents: []

  .   ____          _            __ _ _
 /\\ / ___'_ __ _ _(_)_ __  __ _ \ \ \ \
( ( )\___ | '_ | '_| | '_ \/ _` | \ \ \ \
 \\/  ___)| |_)| | | | | || (_| |  ) ) ) )
  '  |____| .__|_| |_|_| |_\__, | / / / /
 =========|_|==============|___/=/_/_/_/
 :: Spring Boot ::                (v3.2.5)

2026-05-14T10:50:25.508-05:00  INFO 53327 --- [           main] e.a.f.FleetMonitorApplication            : Starting FleetMonitorApplication using Java 17.0.18 with PID 53327 (/home/miguel/Escritorio/Sistemas Distribuidos/Practica 06/flota-logistica/fleet-monitor/target/classes started by miguel in /home/miguel/Escritorio/Sistemas Distribuidos/Practica 06/flota-logistica/fleet-monitor)
2026-05-14T10:50:25.512-05:00  INFO 53327 --- [           main] e.a.f.FleetMonitorApplication            : No active profile set, falling back to 1 default profile: "default"
2026-05-14T10:50:25.835-05:00  INFO 53327 --- [           main] .s.d.r.c.RepositoryConfigurationDelegate : Bootstrapping Spring Data JPA repositories in DEFAULT mode.
2026-05-14T10:50:25.856-05:00  INFO 53327 --- [           main] .s.d.r.c.RepositoryConfigurationDelegate : Finished Spring Data repository scanning in 18 ms. Found 1 JPA repository interface.
2026-05-14T10:50:26.071-05:00  INFO 53327 --- [           main] o.s.b.w.embedded.tomcat.TomcatWebServer  : Tomcat initialized with port 8080 (http)
2026-05-14T10:50:26.077-05:00  INFO 53327 --- [           main] o.apache.catalina.core.StandardService   : Starting service [Tomcat]
2026-05-14T10:50:26.077-05:00  INFO 53327 --- [           main] o.apache.catalina.core.StandardEngine    : Starting Servlet engine: [Apache Tomcat/10.1.20]
2026-05-14T10:50:26.120-05:00  INFO 53327 --- [           main] o.a.c.c.C.[Tomcat].[localhost].[/]       : Initializing Spring embedded WebApplicationContext
2026-05-14T10:50:26.120-05:00  INFO 53327 --- [           main] w.s.c.ServletWebServerApplicationContext : Root WebApplicationContext: initialization completed in 582 ms
2026-05-14T10:50:26.136-05:00  INFO 53327 --- [           main] com.zaxxer.hikari.HikariDataSource       : HikariPool-1 - Starting...
2026-05-14T10:50:26.218-05:00  INFO 53327 --- [           main] com.zaxxer.hikari.pool.HikariPool        : HikariPool-1 - Added connection conn0: url=jdbc:h2:mem:fleetdb user=SA
2026-05-14T10:50:26.219-05:00  INFO 53327 --- [           main] com.zaxxer.hikari.HikariDataSource       : HikariPool-1 - Start completed.
2026-05-14T10:50:26.224-05:00  INFO 53327 --- [           main] o.s.b.a.h2.H2ConsoleAutoConfiguration    : H2 console available at '/h2-console'. Database available at 'jdbc:h2:mem:fleetdb'
2026-05-14T10:50:26.451-05:00  INFO 53327 --- [           main] o.hibernate.jpa.internal.util.LogHelper  : HHH000204: Processing PersistenceUnitInfo [name: default]
2026-05-14T10:50:26.469-05:00  INFO 53327 --- [           main] org.hibernate.Version                    : HHH000412: Hibernate ORM core version 6.4.4.Final
2026-05-14T10:50:26.481-05:00  INFO 53327 --- [           main] o.h.c.internal.RegionFactoryInitiator    : HHH000026: Second-level cache disabled
2026-05-14T10:50:26.572-05:00  INFO 53327 --- [           main] o.s.o.j.p.SpringPersistenceUnitInfo      : No LoadTimeWeaver setup: ignoring JPA class transformer
2026-05-14T10:50:26.588-05:00  WARN 53327 --- [           main] org.hibernate.orm.deprecation            : HHH90000025: H2Dialect does not need to be specified explicitly using 'hibernate.dialect' (remove the property setting and it will be selected by default)
2026-05-14T10:50:26.887-05:00  INFO 53327 --- [           main] o.h.e.t.j.p.i.JtaPlatformInitiator       : HHH000489: No JTA platform available (set 'hibernate.transaction.jta.platform' to enable JTA platform integration)
2026-05-14T10:50:26.900-05:00  INFO 53327 --- [           main] j.LocalContainerEntityManagerFactoryBean : Initialized JPA EntityManagerFactory for persistence unit 'default'
2026-05-14T10:50:27.117-05:00  WARN 53327 --- [           main] JpaBaseConfiguration$JpaWebConfiguration : spring.jpa.open-in-view is enabled by default. Therefore, database queries may be performed during view rendering. Explicitly configure spring.jpa.open-in-view to disable this warning
2026-05-14T10:50:27.308-05:00  INFO 53327 --- [           main] o.s.b.w.embedded.tomcat.TomcatWebServer  : Tomcat started on port 8080 (http) with context path ''
2026-05-14T10:50:27.323-05:00 ERROR 53327 --- [ntContainer#0-1] o.s.a.r.l.SimpleMessageListenerContainer : Failed to check/redeclare auto-delete queue(s).

org.springframework.amqp.AmqpConnectException: java.net.ConnectException: Conexión rehusada
	at org.springframework.amqp.rabbit.support.RabbitExceptionTranslator.convertRabbitAccessException(RabbitExceptionTranslator.java:61) ~[spring-rabbit-3.1.4.jar:3.1.4]
	at org.springframework.amqp.rabbit.connection.AbstractConnectionFactory.createBareConnection(AbstractConnectionFactory.java:622) ~[spring-rabbit-3.1.4.jar:3.1.4]
	at org.springframework.amqp.rabbit.connection.CachingConnectionFactory.createConnection(CachingConnectionFactory.java:727) ~[spring-rabbit-3.1.4.jar:3.1.4]
	at org.springframework.amqp.rabbit.connection.ConnectionFactoryUtils.createConnection(ConnectionFactoryUtils.java:257) ~[spring-rabbit-3.1.4.jar:3.1.4]
	at org.springframework.amqp.rabbit.core.RabbitTemplate.doExecute(RabbitTemplate.java:2249) ~[spring-rabbit-3.1.4.jar:3.1.4]
	at org.springframework.amqp.rabbit.core.RabbitTemplate.execute(RabbitTemplate.java:2222) ~[spring-rabbit-3.1.4.jar:3.1.4]
	at org.springframework.amqp.rabbit.core.RabbitTemplate.execute(RabbitTemplate.java:2202) ~[spring-rabbit-3.1.4.jar:3.1.4]
	at org.springframework.amqp.rabbit.core.RabbitAdmin.getQueueInfo(RabbitAdmin.java:467) ~[spring-rabbit-3.1.4.jar:3.1.4]
	at org.springframework.amqp.rabbit.core.RabbitAdmin.getQueueProperties(RabbitAdmin.java:451) ~[spring-rabbit-3.1.4.jar:3.1.4]
	at org.springframework.amqp.rabbit.listener.AbstractMessageListenerContainer.attemptDeclarations(AbstractMessageListenerContainer.java:1960) ~[spring-rabbit-3.1.4.jar:3.1.4]
	at org.springframework.amqp.rabbit.listener.AbstractMessageListenerContainer.redeclareElementsIfNecessary(AbstractMessageListenerContainer.java:1924) ~[spring-rabbit-3.1.4.jar:3.1.4]
	at org.springframework.amqp.rabbit.listener.SimpleMessageListenerContainer$AsyncMessageProcessingConsumer.initialize(SimpleMessageListenerContainer.java:1478) ~[spring-rabbit-3.1.4.jar:3.1.4]
	at org.springframework.amqp.rabbit.listener.SimpleMessageListenerContainer$AsyncMessageProcessingConsumer.run(SimpleMessageListenerContainer.java:1320) ~[spring-rabbit-3.1.4.jar:3.1.4]
	at java.base/java.lang.Thread.run(Thread.java:840) ~[na:na]
Caused by: java.net.ConnectException: Conexión rehusada
	at java.base/sun.nio.ch.Net.pollConnect(Native Method) ~[na:na]
	at java.base/sun.nio.ch.Net.pollConnectNow(Net.java:684) ~[na:na]
	at java.base/sun.nio.ch.NioSocketImpl.timedFinishConnect(NioSocketImpl.java:547) ~[na:na]
	at java.base/sun.nio.ch.NioSocketImpl.connect(NioSocketImpl.java:602) ~[na:na]
	at java.base/java.net.SocksSocketImpl.connect(SocksSocketImpl.java:327) ~[na:na]
	at java.base/java.net.Socket.connect(Socket.java:633) ~[na:na]
	at com.rabbitmq.client.impl.SocketFrameHandlerFactory.create(SocketFrameHandlerFactory.java:61) ~[amqp-client-5.19.0.jar:5.19.0]
	at com.rabbitmq.client.ConnectionFactory.newConnection(ConnectionFactory.java:1249) ~[amqp-client-5.19.0.jar:5.19.0]
	at com.rabbitmq.client.ConnectionFactory.newConnection(ConnectionFactory.java:1198) ~[amqp-client-5.19.0.jar:5.19.0]
	at org.springframework.amqp.rabbit.connection.AbstractConnectionFactory.connectAddresses(AbstractConnectionFactory.java:668) ~[spring-rabbit-3.1.4.jar:3.1.4]
	at org.springframework.amqp.rabbit.connection.AbstractConnectionFactory.connect(AbstractConnectionFactory.java:637) ~[spring-rabbit-3.1.4.jar:3.1.4]
	at org.springframework.amqp.rabbit.connection.AbstractConnectionFactory.createBareConnection(AbstractConnectionFactory.java:584) ~[spring-rabbit-3.1.4.jar:3.1.4]
	... 12 common frames omitted

2026-05-14T10:50:27.326-05:00 ERROR 53327 --- [ntContainer#1-1] o.s.a.r.l.SimpleMessageListenerContainer : Failed to check/redeclare auto-delete queue(s).

org.springframework.amqp.AmqpConnectException: java.net.ConnectException: Conexión rehusada
	at org.springframework.amqp.rabbit.support.RabbitExceptionTranslator.convertRabbitAccessException(RabbitExceptionTranslator.java:61) ~[spring-rabbit-3.1.4.jar:3.1.4]
	at org.springframework.amqp.rabbit.connection.AbstractConnectionFactory.createBareConnection(AbstractConnectionFactory.java:622) ~[spring-rabbit-3.1.4.jar:3.1.4]
	at org.springframework.amqp.rabbit.connection.CachingConnectionFactory.createConnection(CachingConnectionFactory.java:727) ~[spring-rabbit-3.1.4.jar:3.1.4]
	at org.springframework.amqp.rabbit.connection.ConnectionFactoryUtils.createConnection(ConnectionFactoryUtils.java:257) ~[spring-rabbit-3.1.4.jar:3.1.4]
	at org.springframework.amqp.rabbit.core.RabbitTemplate.doExecute(RabbitTemplate.java:2249) ~[spring-rabbit-3.1.4.jar:3.1.4]
	at org.springframework.amqp.rabbit.core.RabbitTemplate.execute(RabbitTemplate.java:2222) ~[spring-rabbit-3.1.4.jar:3.1.4]
	at org.springframework.amqp.rabbit.core.RabbitTemplate.execute(RabbitTemplate.java:2202) ~[spring-rabbit-3.1.4.jar:3.1.4]
	at org.springframework.amqp.rabbit.core.RabbitAdmin.getQueueInfo(RabbitAdmin.java:467) ~[spring-rabbit-3.1.4.jar:3.1.4]
	at org.springframework.amqp.rabbit.core.RabbitAdmin.getQueueProperties(RabbitAdmin.java:451) ~[spring-rabbit-3.1.4.jar:3.1.4]
	at org.springframework.amqp.rabbit.listener.AbstractMessageListenerContainer.attemptDeclarations(AbstractMessageListenerContainer.java:1960) ~[spring-rabbit-3.1.4.jar:3.1.4]
	at org.springframework.amqp.rabbit.listener.AbstractMessageListenerContainer.redeclareElementsIfNecessary(AbstractMessageListenerContainer.java:1924) ~[spring-rabbit-3.1.4.jar:3.1.4]
	at org.springframework.amqp.rabbit.listener.SimpleMessageListenerContainer$AsyncMessageProcessingConsumer.initialize(SimpleMessageListenerContainer.java:1478) ~[spring-rabbit-3.1.4.jar:3.1.4]
	at org.springframework.amqp.rabbit.listener.SimpleMessageListenerContainer$AsyncMessageProcessingConsumer.run(SimpleMessageListenerContainer.java:1320) ~[spring-rabbit-3.1.4.jar:3.1.4]
	at java.base/java.lang.Thread.run(Thread.java:840) ~[na:na]
Caused by: java.net.ConnectException: Conexión rehusada
	at java.base/sun.nio.ch.Net.pollConnect(Native Method) ~[na:na]
	at java.base/sun.nio.ch.Net.pollConnectNow(Net.java:684) ~[na:na]
	at java.base/sun.nio.ch.NioSocketImpl.timedFinishConnect(NioSocketImpl.java:547) ~[na:na]
	at java.base/sun.nio.ch.NioSocketImpl.connect(NioSocketImpl.java:602) ~[na:na]
	at java.base/java.net.SocksSocketImpl.connect(SocksSocketImpl.java:327) ~[na:na]
	at java.base/java.net.Socket.connect(Socket.java:633) ~[na:na]
	at com.rabbitmq.client.impl.SocketFrameHandlerFactory.create(SocketFrameHandlerFactory.java:61) ~[amqp-client-5.19.0.jar:5.19.0]
	at com.rabbitmq.client.ConnectionFactory.newConnection(ConnectionFactory.java:1249) ~[amqp-client-5.19.0.jar:5.19.0]
	at com.rabbitmq.client.ConnectionFactory.newConnection(ConnectionFactory.java:1198) ~[amqp-client-5.19.0.jar:5.19.0]
	at org.springframework.amqp.rabbit.connection.AbstractConnectionFactory.connectAddresses(AbstractConnectionFactory.java:668) ~[spring-rabbit-3.1.4.jar:3.1.4]
	at org.springframework.amqp.rabbit.connection.AbstractConnectionFactory.connect(AbstractConnectionFactory.java:637) ~[spring-rabbit-3.1.4.jar:3.1.4]
	at org.springframework.amqp.rabbit.connection.AbstractConnectionFactory.createBareConnection(AbstractConnectionFactory.java:584) ~[spring-rabbit-3.1.4.jar:3.1.4]
	... 12 common frames omitted

2026-05-14T10:50:27.331-05:00  INFO 53327 --- [           main] e.a.f.FleetMonitorApplication            : Started FleetMonitorApplication in 2.251 seconds (process running for 2.571)
2026-05-14T10:50:32.330-05:00  WARN 53327 --- [ntContainer#0-1] o.s.a.r.l.SimpleMessageListenerContainer : Consumer raised exception, processing can restart if the connection factory supports it. Exception summary: org.springframework.amqp.AmqpConnectException: java.net.ConnectException: Conexión rehusada
2026-05-14T10:50:32.331-05:00  WARN 53327 --- [ntContainer#1-1] o.s.a.r.l.SimpleMessageListenerContainer : Consumer raised exception, processing can restart if the connection factory supports it. Exception summary: org.springframework.amqp.AmqpConnectException: java.net.ConnectException: Conexión rehusada
2026-05-14T10:50:32.334-05:00 ERROR 53327 --- [ntContainer#0-2] o.s.a.r.l.SimpleMessageListenerContainer : Failed to check/redeclare auto-delete queue(s).
2026-05-14T10:50:32.335-05:00 ERROR 53327 --- [ntContainer#1-2] o.s.a.r.l.SimpleMessageListenerContainer : Failed to check/redeclare auto-delete queue(s).
2026-05-14T10:50:37.341-05:00  WARN 53327 --- [ntContainer#0-2] o.s.a.r.l.SimpleMessageListenerContainer : Consumer raised exception, processing can restart if the connection factory supports it. Exception summary: org.springframework.amqp.AmqpConnectException: java.net.ConnectException: Conexión rehusada
2026-05-14T10:50:37.342-05:00  WARN 53327 --- [ntContainer#1-2] o.s.a.r.l.SimpleMessageListenerContainer : Consumer raised exception, processing can restart if the connection factory supports it. Exception summary: org.springframework.amqp.AmqpConnectException: java.net.ConnectException: Conexión rehusada
2026-05-14T10:50:37.344-05:00 ERROR 53327 --- [ntContainer#0-3] o.s.a.r.l.SimpleMessageListenerContainer : Failed to check/redeclare auto-delete queue(s).
2026-05-14T10:50:37.344-05:00 ERROR 53327 --- [ntContainer#1-3] o.s.a.r.l.SimpleMessageListenerContainer : Failed to check/redeclare auto-delete queue(s).
2026-05-14T10:50:42.350-05:00  WARN 53327 --- [ntContainer#1-3] o.s.a.r.l.SimpleMessageListenerContainer : Consumer raised exception, processing can restart if the connection factory supports it. Exception summary: org.springframework.amqp.AmqpConnectException: java.net.ConnectException: Conexión rehusada
2026-05-14T10:50:42.350-05:00  WARN 53327 --- [ntContainer#0-3] o.s.a.r.l.SimpleMessageListenerContainer : Consumer raised exception, processing can restart if the connection factory supports it. Exception summary: org.springframework.amqp.AmqpConnectException: java.net.ConnectException: Conexión rehusada
2026-05-14T10:50:42.351-05:00 ERROR 53327 --- [ntContainer#1-4] o.s.a.r.l.SimpleMessageListenerContainer : Failed to check/redeclare auto-delete queue(s).
2026-05-14T10:50:42.351-05:00 ERROR 53327 --- [ntContainer#0-4] o.s.a.r.l.SimpleMessageListenerContainer : Failed to check/redeclare auto-delete queue(s).
2026-05-14T10:50:47.356-05:00  WARN 53327 --- [ntContainer#0-4] o.s.a.r.l.SimpleMessageListenerContainer : Consumer raised exception, processing can restart if the connection factory supports it. Exception summary: org.springframework.amqp.AmqpConnectException: java.net.ConnectException: Conexión rehusada
2026-05-14T10:50:47.356-05:00  WARN 53327 --- [ntContainer#1-4] o.s.a.r.l.SimpleMessageListenerContainer : Consumer raised exception, processing can restart if the connection factory supports it. Exception summary: org.springframework.amqp.AmqpConnectException: java.net.ConnectException: Conexión rehusada
2026-05-14T10:50:47.357-05:00 ERROR 53327 --- [ntContainer#0-5] o.s.a.r.l.SimpleMessageListenerContainer : Failed to check/redeclare auto-delete queue(s).
2026-05-14T10:50:47.358-05:00 ERROR 53327 --- [ntContainer#1-5] o.s.a.r.l.SimpleMessageListenerContainer : Failed to check/redeclare auto-delete queue(s).
2026-05-14T10:50:52.361-05:00  WARN 53327 --- [ntContainer#0-5] o.s.a.r.l.SimpleMessageListenerContainer : Consumer raised exception, processing can restart if the connection factory supports it. Exception summary: org.springframework.amqp.AmqpConnectException: java.net.ConnectException: Conexión rehusada
2026-05-14T10:50:52.363-05:00  WARN 53327 --- [ntContainer#1-5] o.s.a.r.l.SimpleMessageListenerContainer : Consumer raised exception, processing can restart if the connection factory supports it. Exception summary: org.springframework.amqp.AmqpConnectException: java.net.ConnectException: Conexión rehusada
2026-05-14T10:50:52.365-05:00 ERROR 53327 --- [ntContainer#0-6] o.s.a.r.l.SimpleMessageListenerContainer : Failed to check/redeclare auto-delete queue(s).
2026-05-14T10:50:52.365-05:00 ERROR 53327 --- [ntContainer#1-6] o.s.a.r.l.SimpleMessageListenerContainer : Failed to check/redeclare auto-delete queue(s).
2026-05-14T10:50:57.372-05:00  WARN 53327 --- [ntContainer#1-6] o.s.a.r.l.SimpleMessageListenerContainer : Consumer raised exception, processing can restart if the connection factory supports it. Exception summary: org.springframework.amqp.AmqpConnectException: java.net.ConnectException: Conexión rehusada
2026-05-14T10:50:57.372-05:00  WARN 53327 --- [ntContainer#0-6] o.s.a.r.l.SimpleMessageListenerContainer : Consumer raised exception, processing can restart if the connection factory supports it. Exception summary: org.springframework.amqp.AmqpConnectException: java.net.ConnectException: Conexión rehusada
2026-05-14T10:50:57.377-05:00 ERROR 53327 --- [ntContainer#1-7] o.s.a.r.l.SimpleMessageListenerContainer : Failed to check/redeclare auto-delete queue(s).
2026-05-14T10:50:57.378-05:00 ERROR 53327 --- [ntContainer#0-7] o.s.a.r.l.SimpleMessageListenerContainer : Failed to check/redeclare auto-delete queue(s).
2026-05-14T10:51:02.383-05:00  WARN 53327 --- [ntContainer#1-7] o.s.a.r.l.SimpleMessageListenerContainer : Consumer raised exception, processing can restart if the connection factory supports it. Exception summary: org.springframework.amqp.AmqpConnectException: java.net.ConnectException: Conexión rehusada
2026-05-14T10:51:02.384-05:00  WARN 53327 --- [ntContainer#0-7] o.s.a.r.l.SimpleMessageListenerContainer : Consumer raised exception, processing can restart if the connection factory supports it. Exception summary: org.springframework.amqp.AmqpConnectException: java.net.ConnectException: Conexión rehusada
2026-05-14T10:51:02.388-05:00 ERROR 53327 --- [ntContainer#1-8] o.s.a.r.l.SimpleMessageListenerContainer : Failed to check/redeclare auto-delete queue(s).
2026-05-14T10:51:02.388-05:00 ERROR 53327 --- [ntContainer#0-8] o.s.a.r.l.SimpleMessageListenerContainer : Failed to check/redeclare auto-delete queue(s).
2026-05-14T10:51:07.394-05:00  WARN 53327 --- [ntContainer#1-8] o.s.a.r.l.SimpleMessageListenerContainer : Consumer raised exception, processing can restart if the connection factory supports it. Exception summary: org.springframework.amqp.AmqpConnectException: java.net.ConnectException: Conexión rehusada
2026-05-14T10:51:07.394-05:00  WARN 53327 --- [ntContainer#0-8] o.s.a.r.l.SimpleMessageListenerContainer : Consumer raised exception, processing can restart if the connection factory supports it. Exception summary: org.springframework.amqp.AmqpConnectException: java.net.ConnectException: Conexión rehusada
2026-05-14T10:51:07.396-05:00 ERROR 53327 --- [ntContainer#1-9] o.s.a.r.l.SimpleMessageListenerContainer : Failed to check/redeclare auto-delete queue(s).
2026-05-14T10:51:07.397-05:00 ERROR 53327 --- [ntContainer#0-9] o.s.a.r.l.SimpleMessageListenerContainer : Failed to check/redeclare auto-delete queue(s).
2026-05-14T10:51:12.402-05:00  WARN 53327 --- [ntContainer#1-9] o.s.a.r.l.SimpleMessageListenerContainer : Consumer raised exception, processing can restart if the connection factory supports it. Exception summary: org.springframework.amqp.AmqpConnectException: java.net.ConnectException: Conexión rehusada
2026-05-14T10:51:12.403-05:00  WARN 53327 --- [ntContainer#0-9] o.s.a.r.l.SimpleMessageListenerContainer : Consumer raised exception, processing can restart if the connection factory supports it. Exception summary: org.springframework.amqp.AmqpConnectException: java.net.ConnectException: Conexión rehusada
2026-05-14T10:51:12.405-05:00 ERROR 53327 --- [tContainer#1-10] o.s.a.r.l.SimpleMessageListenerContainer : Failed to check/redeclare auto-delete queue(s).
2026-05-14T10:51:12.406-05:00 ERROR 53327 --- [tContainer#0-10] o.s.a.r.l.SimpleMessageListenerContainer : Failed to check/redeclare auto-delete queue(s).
2026-05-14T10:51:17.410-05:00  WARN 53327 --- [tContainer#1-10] o.s.a.r.l.SimpleMessageListenerContainer : Consumer raised exception, processing can restart if the connection factory supports it. Exception summary: org.springframework.amqp.AmqpConnectException: java.net.ConnectException: Conexión rehusada
2026-05-14T10:51:17.411-05:00  WARN 53327 --- [tContainer#0-10] o.s.a.r.l.SimpleMessageListenerContainer : Consumer raised exception, processing can restart if the connection factory supports it. Exception summary: org.springframework.amqp.AmqpConnectException: java.net.ConnectException: Conexión rehusada
2026-05-14T10:51:17.412-05:00 ERROR 53327 --- [tContainer#1-11] o.s.a.r.l.SimpleMessageListenerContainer : Failed to check/redeclare auto-delete queue(s).
2026-05-14T10:51:17.412-05:00 ERROR 53327 --- [tContainer#0-11] o.s.a.r.l.SimpleMessageListenerContainer : Failed to check/redeclare auto-delete queue(s).
2026-05-14T10:51:22.417-05:00  WARN 53327 --- [tContainer#0-11] o.s.a.r.l.SimpleMessageListenerContainer : Consumer raised exception, processing can restart if the connection factory supports it. Exception summary: org.springframework.amqp.AmqpConnectException: java.net.ConnectException: Conexión rehusada
2026-05-14T10:51:22.417-05:00  WARN 53327 --- [tContainer#1-11] o.s.a.r.l.SimpleMessageListenerContainer : Consumer raised exception, processing can restart if the connection factory supports it. Exception summary: org.springframework.amqp.AmqpConnectException: java.net.ConnectException: Conexión rehusada
2026-05-14T10:51:22.421-05:00 ERROR 53327 --- [tContainer#0-12] o.s.a.r.l.SimpleMessageListenerContainer : Failed to check/redeclare auto-delete queue(s).
2026-05-14T10:51:22.421-05:00 ERROR 53327 --- [tContainer#1-12] o.s.a.r.l.SimpleMessageListenerContainer : Failed to check/redeclare auto-delete queue(s).
2026-05-14T10:51:27.426-05:00  WARN 53327 --- [tContainer#0-12] o.s.a.r.l.SimpleMessageListenerContainer : Consumer raised exception, processing can restart if the connection factory supports it. Exception summary: org.springframework.amqp.AmqpConnectException: java.net.ConnectException: Conexión rehusada
2026-05-14T10:51:27.427-05:00  WARN 53327 --- [tContainer#1-12] o.s.a.r.l.SimpleMessageListenerContainer : Consumer raised exception, processing can restart if the connection factory supports it. Exception summary: org.springframework.amqp.AmqpConnectException: java.net.ConnectException: Conexión rehusada
2026-05-14T10:51:27.430-05:00 ERROR 53327 --- [tContainer#0-13] o.s.a.r.l.SimpleMessageListenerContainer : Failed to check/redeclare auto-delete queue(s).
2026-05-14T10:51:27.430-05:00 ERROR 53327 --- [tContainer#1-13] o.s.a.r.l.SimpleMessageListenerContainer : Failed to check/redeclare auto-delete queue(s).
2026-05-14T10:51:32.436-05:00  WARN 53327 --- [tContainer#0-13] o.s.a.r.l.SimpleMessageListenerContainer : Consumer raised exception, processing can restart if the connection factory supports it. Exception summary: org.springframework.amqp.AmqpConnectException: java.net.ConnectException: Conexión rehusada
2026-05-14T10:51:32.436-05:00  WARN 53327 --- [tContainer#1-13] o.s.a.r.l.SimpleMessageListenerContainer : Consumer raised exception, processing can restart if the connection factory supports it. Exception summary: org.springframework.amqp.AmqpConnectException: java.net.ConnectException: Conexión rehusada
2026-05-14T10:51:32.437-05:00 ERROR 53327 --- [tContainer#0-14] o.s.a.r.l.SimpleMessageListenerContainer : Failed to check/redeclare auto-delete queue(s).
2026-05-14T10:51:32.437-05:00 ERROR 53327 --- [tContainer#1-14] o.s.a.r.l.SimpleMessageListenerContainer : Failed to check/redeclare auto-delete queue(s).
2026-05-14T10:51:37.441-05:00  WARN 53327 --- [tContainer#0-14] o.s.a.r.l.SimpleMessageListenerContainer : Consumer raised exception, processing can restart if the connection factory supports it. Exception summary: org.springframework.amqp.AmqpConnectException: java.net.ConnectException: Conexión rehusada
2026-05-14T10:51:37.442-05:00  WARN 53327 --- [tContainer#1-14] o.s.a.r.l.SimpleMessageListenerContainer : Consumer raised exception, processing can restart if the connection factory supports it. Exception summary: org.springframework.amqp.AmqpConnectException: java.net.ConnectException: Conexión rehusada
2026-05-14T10:51:37.444-05:00 ERROR 53327 --- [tContainer#0-15] o.s.a.r.l.SimpleMessageListenerContainer : Failed to check/redeclare auto-delete queue(s).
2026-05-14T10:51:37.444-05:00 ERROR 53327 --- [tContainer#1-15] o.s.a.r.l.SimpleMessageListenerContainer : Failed to check/redeclare auto-delete queue(s).
